  [1m[36m (1.7ms)[0m  [1mCREATE TABLE "schema_migrations" ("version" varchar NOT NULL) [0m
  [1m[35m (0.6ms)[0m  select sqlite_version(*)
  [1m[36m (1.5ms)[0m  [1mCREATE UNIQUE INDEX "unique_schema_migrations" ON "schema_migrations" ("version")[0m
  [1m[35mActiveRecord::SchemaMigration Load (0.1ms)[0m  SELECT "schema_migrations".* FROM "schema_migrations"
Migrating to CreateRecords (20160907052202)
  [1m[36m (0.1ms)[0m  [1mbegin transaction[0m
  [1m[35m (1.2ms)[0m  CREATE TABLE "records" ("id" INTEGER PRIMARY KEY AUTOINCREMENT NOT NULL, "title" varchar, "date" date, "amount" float, "created_at" datetime NOT NULL, "updated_at" datetime NOT NULL) 
  [1m[36mSQL (0.3ms)[0m  [1mINSERT INTO "schema_migrations" ("version") VALUES (?)[0m  [["version", "20160907052202"]]
  [1m[35m (1.2ms)[0m  commit transaction
  [1m[36mActiveRecord::SchemaMigration Load (0.1ms)[0m  [1mSELECT "schema_migrations".* FROM "schema_migrations"[0m
  [1m[36m (0.2ms)[0m  [1mbegin transaction[0m
  [1m[35mSQL (2.1ms)[0m  INSERT INTO "records" ("title", "date", "amount", "created_at", "updated_at") VALUES (?, ?, ?, ?, ?)  [["title", "Record 1"], ["date", "2016-09-06"], ["amount", 500.0], ["created_at", "2016-09-07 05:23:05.283233"], ["updated_at", "2016-09-07 05:23:05.283233"]]
  [1m[36m (1.2ms)[0m  [1mcommit transaction[0m
  [1m[35mRecord Load (0.3ms)[0m  SELECT "records".* FROM "records"
  [1m[36m (0.1ms)[0m  [1mbegin transaction[0m
  [1m[35mSQL (0.3ms)[0m  INSERT INTO "records" ("title", "date", "amount", "created_at", "updated_at") VALUES (?, ?, ?, ?, ?)  [["title", "Record 2"], ["date", "2016-09-06"], ["amount", -100.0], ["created_at", "2016-09-07 05:23:19.167061"], ["updated_at", "2016-09-07 05:23:19.167061"]]
  [1m[36m (1.9ms)[0m  [1mcommit transaction[0m


Started GET "/" for ::1 at 2016-09-06 23:23:36 -0600
  [1m[36mActiveRecord::SchemaMigration Load (0.5ms)[0m  [1mSELECT "schema_migrations".* FROM "schema_migrations"[0m
Processing by Rails::WelcomeController#index as HTML
  Rendered /Users/flahertyj/.rbenv/versions/2.2.0/lib/ruby/gems/2.2.0/gems/railties-4.2.5.2/lib/rails/templates/rails/welcome/index.html.erb (7.0ms)
Completed 200 OK in 64ms (Views: 47.2ms | ActiveRecord: 0.0ms)
